app/build/intermediates/manifest_merge_blame_file/debug/processDebugMainManifest/manifest-merger-blame-debug-report.txt
1<?xml version="1.0" encoding="utf-8"?>
2<manifest xmlns:android="http://schemas.android.com/apk/res/android"
3    package="com.example.mad_edumatch"
4    android:versionCode="1"
5    android:versionName="1.0" >
6
7    <uses-sdk
8        android:minSdkVersion="24"
9        android:targetSdkVersion="36" />
10
11    <uses-permission android:name="android.permission.POST_NOTIFICATIONS" />
11-->src\main\AndroidManifest.xml:6:5-77
11-->src\main\AndroidManifest.xml:6:22-74
12    <uses-permission android:name="android.permission.INTERNET" />
12-->src\main\AndroidManifest.xml:7:5-67
12-->src\main\AndroidManifest.xml:7:22-64
13    <uses-permission android:name="android.permission.ACCESS_NETWORK_STATE" />
13-->[com.google.firebase:firebase-auth:24.0.1] AndroidManifest.xml:26:5-79
13-->[com.google.firebase:firebase-auth:24.0.1] AndroidManifest.xml:26:22-76
14    <uses-permission android:name="android.permission.WAKE_LOCK" /> <!-- Required by older versions of Google Play services to create IID tokens -->
14-->[com.google.firebase:firebase-messaging:25.0.1] AndroidManifest.xml:24:5-68
14-->[com.google.firebase:firebase-messaging:25.0.1] AndroidManifest.xml:24:22-65
15    <uses-permission android:name="com.google.android.c2dm.permission.RECEIVE" />
15-->[com.google.firebase:firebase-messaging:25.0.1] AndroidManifest.xml:26:5-82
15-->[com.google.firebase:firebase-messaging:25.0.1] AndroidManifest.xml:26:22-79
16    <uses-permission android:name="com.google.android.providers.gsf.permission.READ_GSERVICES" />
16-->[com.google.android.recaptcha:recaptcha:18.6.1] AndroidManifest.xml:9:5-98
16-->[com.google.android.recaptcha:recaptcha:18.6.1] AndroidManifest.xml:9:22-95
17    <uses-permission android:name="com.google.android.gms.permission.AD_ID" />
17-->[com.google.android.gms:play-services-measurement-api:23.0.0] AndroidManifest.xml:25:5-79
17-->[com.google.android.gms:play-services-measurement-api:23.0.0] AndroidManifest.xml:25:22-76
18    <uses-permission android:name="android.permission.ACCESS_ADSERVICES_ATTRIBUTION" />
18-->[com.google.android.gms:play-services-measurement-api:23.0.0] AndroidManifest.xml:26:5-88
18-->[com.google.android.gms:play-services-measurement-api:23.0.0] AndroidManifest.xml:26:22-85
19    <uses-permission android:name="android.permission.ACCESS_ADSERVICES_AD_ID" />
19-->[com.google.android.gms:play-services-measurement-api:23.0.0] AndroidManifest.xml:27:5-82
19-->[com.google.android.gms:play-services-measurement-api:23.0.0] AndroidManifest.xml:27:22-79
20    <uses-permission android:name="com.google.android.finsky.permission.BIND_GET_INSTALL_REFERRER_SERVICE" />
20-->[com.google.android.gms:play-services-measurement:23.0.0] AndroidManifest.xml:26:5-110
20-->[com.google.android.gms:play-services-measurement:23.0.0] AndroidManifest.xml:26:22-107
21
22    <permission
22-->[androidx.core:core:1.16.0] AndroidManifest.xml:22:5-24:47
23        android:name="com.example.mad_edumatch.DYNAMIC_RECEIVER_NOT_EXPORTED_PERMISSION"
23-->[androidx.core:core:1.16.0] AndroidManifest.xml:23:9-81
24        android:protectionLevel="signature" />
24-->[androidx.core:core:1.16.0] AndroidManifest.xml:24:9-44
25
26    <uses-permission android:name="com.example.mad_edumatch.DYNAMIC_RECEIVER_NOT_EXPORTED_PERMISSION" />
26-->[androidx.core:core:1.16.0] AndroidManifest.xml:26:5-97
26-->[androidx.core:core:1.16.0] AndroidManifest.xml:26:22-94
27
28    <application
28-->src\main\AndroidManifest.xml:9:5-58:19
29        android:allowBackup="true"
29-->src\main\AndroidManifest.xml:10:9-35
30        android:appComponentFactory="androidx.core.app.CoreComponentFactory"
30-->[androidx.core:core:1.16.0] AndroidManifest.xml:28:18-86
31        android:dataExtractionRules="@xml/data_extraction_rules"
31-->src\main\AndroidManifest.xml:11:9-65
32        android:debuggable="true"
33        android:extractNativeLibs="false"
34        android:fullBackupContent="@xml/backup_rules"
34-->src\main\AndroidManifest.xml:12:9-54
35        android:icon="@mipmap/ic_launcher"
35-->src\main\AndroidManifest.xml:13:9-43
36        android:label="@string/app_name"
36-->src\main\AndroidManifest.xml:14:9-41
37        android:roundIcon="@mipmap/ic_launcher_round"
37-->src\main\AndroidManifest.xml:15:9-54
38        android:supportsRtl="true"
38-->src\main\AndroidManifest.xml:16:9-35
39        android:testOnly="true"
40        android:theme="@style/Theme.Mad_eduMatch" >
40-->src\main\AndroidManifest.xml:17:9-50
41        <activity
41-->src\main\AndroidManifest.xml:19:9-27:20
42            android:name="com.example.mad_edumatch.SplashActivity"
42-->src\main\AndroidManifest.xml:20:13-43
43            android:exported="true"
43-->src\main\AndroidManifest.xml:21:13-36
44            android:theme="@style/Theme.Mad_eduMatch" >
44-->src\main\AndroidManifest.xml:22:13-54
45            <intent-filter>
45-->src\main\AndroidManifest.xml:23:13-26:29
46                <action android:name="android.intent.action.MAIN" />
46-->src\main\AndroidManifest.xml:24:17-69
46-->src\main\AndroidManifest.xml:24:25-66
47
48                <category android:name="android.intent.category.LAUNCHER" />
48-->src\main\AndroidManifest.xml:25:17-77
48-->src\main\AndroidManifest.xml:25:27-74
49            </intent-filter>
50        </activity>
51        <activity
51-->src\main\AndroidManifest.xml:29:9-33:71
52            android:name="com.example.mad_edumatch.HomeActivity"
52-->src\main\AndroidManifest.xml:30:13-41
53            android:exported="false"
53-->src\main\AndroidManifest.xml:31:13-37
54            android:launchMode="singleTask"
54-->src\main\AndroidManifest.xml:32:13-44
55            android:windowSoftInputMode="adjustResize|stateVisible" />
55-->src\main\AndroidManifest.xml:33:13-68
56        <activity
56-->src\main\AndroidManifest.xml:35:9-38:58
57            android:name="com.example.mad_edumatch.authentication.LoginActivity"
57-->src\main\AndroidManifest.xml:36:13-57
58            android:exported="true"
58-->src\main\AndroidManifest.xml:37:13-36
59            android:windowSoftInputMode="adjustResize" />
59-->src\main\AndroidManifest.xml:38:13-55
60        <activity
60-->src\main\AndroidManifest.xml:40:9-43:58
61            android:name="com.example.mad_edumatch.authentication.RegisterActivity"
61-->src\main\AndroidManifest.xml:41:13-60
62            android:exported="true"
62-->src\main\AndroidManifest.xml:42:13-36
63            android:windowSoftInputMode="adjustResize" />
63-->src\main\AndroidManifest.xml:43:13-55
64        <activity
64-->src\main\AndroidManifest.xml:45:9-48:40
65            android:name="com.example.mad_edumatch.MainActivity"
65-->src\main\AndroidManifest.xml:46:13-41
66            android:enabled="false"
66-->src\main\AndroidManifest.xml:47:13-36
67            android:exported="false" />
67-->src\main\AndroidManifest.xml:48:13-37
68
69        <service
69-->src\main\AndroidManifest.xml:50:9-56:19
70            android:name="com.example.mad_edumatch.helper.MyFirebaseMessagingService"
70-->src\main\AndroidManifest.xml:51:13-62
71            android:exported="false" >
71-->src\main\AndroidManifest.xml:52:13-37
72            <intent-filter>
72-->src\main\AndroidManifest.xml:53:13-55:29
73                <action android:name="com.google.firebase.MESSAGING_EVENT" />
73-->src\main\AndroidManifest.xml:54:17-78
73-->src\main\AndroidManifest.xml:54:25-75
74            </intent-filter>
75        </service>
76
77        <activity
77-->[com.google.firebase:firebase-auth:24.0.1] AndroidManifest.xml:29:9-46:20
78            android:name="com.google.firebase.auth.internal.GenericIdpActivity"
78-->[com.google.firebase:firebase-auth:24.0.1] AndroidManifest.xml:30:13-80
79            android:excludeFromRecents="true"
79-->[com.google.firebase:firebase-auth:24.0.1] AndroidManifest.xml:31:13-46
80            android:exported="true"
80-->[com.google.firebase:firebase-auth:24.0.1] AndroidManifest.xml:32:13-36
81            android:launchMode="singleTask"
81-->[com.google.firebase:firebase-auth:24.0.1] AndroidManifest.xml:33:13-44
82            android:theme="@android:style/Theme.Translucent.NoTitleBar" >
82-->[com.google.firebase:firebase-auth:24.0.1] AndroidManifest.xml:34:13-72
83            <intent-filter>
83-->[com.google.firebase:firebase-auth:24.0.1] AndroidManifest.xml:35:13-45:29
84                <action android:name="android.intent.action.VIEW" />
84-->[com.google.firebase:firebase-auth:24.0.1] AndroidManifest.xml:36:17-69
84-->[com.google.firebase:firebase-auth:24.0.1] AndroidManifest.xml:36:25-66
85
86                <category android:name="android.intent.category.DEFAULT" />
86-->[com.google.firebase:firebase-auth:24.0.1] AndroidManifest.xml:38:17-76
86-->[com.google.firebase:firebase-auth:24.0.1] AndroidManifest.xml:38:27-73
87                <category android:name="android.intent.category.BROWSABLE" />
87-->[com.google.firebase:firebase-auth:24.0.1] AndroidManifest.xml:39:17-78
87-->[com.google.firebase:firebase-auth:24.0.1] AndroidManifest.xml:39:27-75
88
89                <data
89-->[com.google.firebase:firebase-auth:24.0.1] AndroidManifest.xml:41:17-44:51
90                    android:host="firebase.auth"
90-->[com.google.firebase:firebase-auth:24.0.1] AndroidManifest.xml:42:21-49
91                    android:path="/"
91-->[com.google.firebase:firebase-auth:24.0.1] AndroidManifest.xml:43:21-37
92                    android:scheme="genericidp" />
92-->[com.google.firebase:firebase-auth:24.0.1] AndroidManifest.xml:44:21-48
93            </intent-filter>
94        </activity>
95        <activity
95-->[com.google.firebase:firebase-auth:24.0.1] AndroidManifest.xml:47:9-64:20
96            android:name="com.google.firebase.auth.internal.RecaptchaActivity"
96-->[com.google.firebase:firebase-auth:24.0.1] AndroidManifest.xml:48:13-79
97            android:excludeFromRecents="true"
97-->[com.google.firebase:firebase-auth:24.0.1] AndroidManifest.xml:49:13-46
98            android:exported="true"
98-->[com.google.firebase:firebase-auth:24.0.1] AndroidManifest.xml:50:13-36
99            android:launchMode="singleTask"
99-->[com.google.firebase:firebase-auth:24.0.1] AndroidManifest.xml:51:13-44
100            android:theme="@android:style/Theme.Translucent.NoTitleBar" >
100-->[com.google.firebase:firebase-auth:24.0.1] AndroidManifest.xml:52:13-72
101            <intent-filter>
101-->[com.google.firebase:firebase-auth:24.0.1] AndroidManifest.xml:53:13-63:29
102                <action android:name="android.intent.action.VIEW" />
102-->[com.google.firebase:firebase-auth:24.0.1] AndroidManifest.xml:36:17-69
102-->[com.google.firebase:firebase-auth:24.0.1] AndroidManifest.xml:36:25-66
103
104                <category android:name="android.intent.category.DEFAULT" />
104-->[com.google.firebase:firebase-auth:24.0.1] AndroidManifest.xml:38:17-76
104-->[com.google.firebase:firebase-auth:24.0.1] AndroidManifest.xml:38:27-73
105                <category android:name="android.intent.category.BROWSABLE" />
105-->[com.google.firebase:firebase-auth:24.0.1] AndroidManifest.xml:39:17-78
105-->[com.google.firebase:firebase-auth:24.0.1] AndroidManifest.xml:39:27-75
106
107                <data
107-->[com.google.firebase:firebase-auth:24.0.1] AndroidManifest.xml:41:17-44:51
108                    android:host="firebase.auth"
108-->[com.google.firebase:firebase-auth:24.0.1] AndroidManifest.xml:42:21-49
109                    android:path="/"
109-->[com.google.firebase:firebase-auth:24.0.1] AndroidManifest.xml:43:21-37
110                    android:scheme="recaptcha" />
110-->[com.google.firebase:firebase-auth:24.0.1] AndroidManifest.xml:44:21-48
111            </intent-filter>
112        </activity>
113
114        <service
114-->[com.google.firebase:firebase-auth:24.0.1] AndroidManifest.xml:66:9-72:19
115            android:name="com.google.firebase.components.ComponentDiscoveryService"
115-->[com.google.firebase:firebase-auth:24.0.1] AndroidManifest.xml:67:13-84
116            android:directBootAware="true"
116-->[com.google.firebase:firebase-common:22.0.1] AndroidManifest.xml:32:13-43
117            android:exported="false" >
117-->[com.google.firebase:firebase-auth:24.0.1] AndroidManifest.xml:68:13-37
118            <meta-data
118-->[com.google.firebase:firebase-auth:24.0.1] AndroidManifest.xml:69:13-71:85
119                android:name="com.google.firebase.components:com.google.firebase.auth.FirebaseAuthRegistrar"
119-->[com.google.firebase:firebase-auth:24.0.1] AndroidManifest.xml:70:17-109
120                android:value="com.google.firebase.components.ComponentRegistrar" />
120-->[com.google.firebase:firebase-auth:24.0.1] AndroidManifest.xml:71:17-82
121            <meta-data
121-->[com.google.firebase:firebase-database:22.0.1] AndroidManifest.xml:29:13-31:85
122                android:name="com.google.firebase.components:com.google.firebase.database.FirebaseDatabaseKtxRegistrar"
122-->[com.google.firebase:firebase-database:22.0.1] AndroidManifest.xml:30:17-120
123                android:value="com.google.firebase.components.ComponentRegistrar" />
123-->[com.google.firebase:firebase-database:22.0.1] AndroidManifest.xml:31:17-82
124            <meta-data
124-->[com.google.firebase:firebase-database:22.0.1] AndroidManifest.xml:32:13-34:85
125                android:name="com.google.firebase.components:com.google.firebase.database.DatabaseRegistrar"
125-->[com.google.firebase:firebase-database:22.0.1] AndroidManifest.xml:33:17-109
126                android:value="com.google.firebase.components.ComponentRegistrar" />
126-->[com.google.firebase:firebase-database:22.0.1] AndroidManifest.xml:34:17-82
127            <meta-data
127-->[com.google.firebase:firebase-storage:22.0.1] AndroidManifest.xml:30:13-32:85
128                android:name="com.google.firebase.components:com.google.firebase.storage.FirebaseStorageKtxRegistrar"
128-->[com.google.firebase:firebase-storage:22.0.1] AndroidManifest.xml:31:17-118
129                android:value="com.google.firebase.components.ComponentRegistrar" />
129-->[com.google.firebase:firebase-storage:22.0.1] AndroidManifest.xml:32:17-82
130            <meta-data
130-->[com.google.firebase:firebase-storage:22.0.1] AndroidManifest.xml:33:13-35:85
131                android:name="com.google.firebase.components:com.google.firebase.storage.StorageRegistrar"
131-->[com.google.firebase:firebase-storage:22.0.1] AndroidManifest.xml:34:17-107
132                android:value="com.google.firebase.components.ComponentRegistrar" />
132-->[com.google.firebase:firebase-storage:22.0.1] AndroidManifest.xml:35:17-82
133            <meta-data
133-->[com.google.firebase:firebase-appcheck-debug:19.0.1] AndroidManifest.xml:25:13-27:85
134                android:name="com.google.firebase.components:com.google.firebase.appcheck.debug.FirebaseAppCheckDebugRegistrar"
134-->[com.google.firebase:firebase-appcheck-debug:19.0.1] AndroidManifest.xml:26:17-128
135                android:value="com.google.firebase.components.ComponentRegistrar" />
135-->[com.google.firebase:firebase-appcheck-debug:19.0.1] AndroidManifest.xml:27:17-82
136            <meta-data
136-->[com.google.firebase:firebase-messaging:25.0.1] AndroidManifest.xml:57:13-59:85
137                android:name="com.google.firebase.components:com.google.firebase.messaging.FirebaseMessagingKtxRegistrar"
137-->[com.google.firebase:firebase-messaging:25.0.1] AndroidManifest.xml:58:17-122
138                android:value="com.google.firebase.components.ComponentRegistrar" />
138-->[com.google.firebase:firebase-messaging:25.0.1] AndroidManifest.xml:59:17-82
139            <meta-data
139-->[com.google.firebase:firebase-messaging:25.0.1] AndroidManifest.xml:60:13-62:85
140                android:name="com.google.firebase.components:com.google.firebase.messaging.FirebaseMessagingRegistrar"
140-->[com.google.firebase:firebase-messaging:25.0.1] AndroidManifest.xml:61:17-119
141                android:value="com.google.firebase.components.ComponentRegistrar" />
141-->[com.google.firebase:firebase-messaging:25.0.1] AndroidManifest.xml:62:17-82
142            <meta-data
142-->[com.google.firebase:firebase-appcheck:19.0.1] AndroidManifest.xml:25:13-27:85
143                android:name="com.google.firebase.components:com.google.firebase.appcheck.FirebaseAppCheckKtxRegistrar"
143-->[com.google.firebase:firebase-appcheck:19.0.1] AndroidManifest.xml:26:17-120
144                android:value="com.google.firebase.components.ComponentRegistrar" />
144-->[com.google.firebase:firebase-appcheck:19.0.1] AndroidManifest.xml:27:17-82
145            <meta-data
145-->[com.google.firebase:firebase-appcheck:19.0.1] AndroidManifest.xml:28:13-30:85
146                android:name="com.google.firebase.components:com.google.firebase.appcheck.FirebaseAppCheckRegistrar"
146-->[com.google.firebase:firebase-appcheck:19.0.1] AndroidManifest.xml:29:17-117
147                android:value="com.google.firebase.components.ComponentRegistrar" />
147-->[com.google.firebase:firebase-appcheck:19.0.1] AndroidManifest.xml:30:17-82
148            <meta-data
148-->[com.google.android.gms:play-services-measurement-api:23.0.0] AndroidManifest.xml:33:13-35:85
149                android:name="com.google.firebase.components:com.google.firebase.analytics.connector.internal.AnalyticsConnectorRegistrar"
149-->[com.google.android.gms:play-services-measurement-api:23.0.0] AndroidManifest.xml:34:17-139
150                android:value="com.google.firebase.components.ComponentRegistrar" />
150-->[com.google.android.gms:play-services-measurement-api:23.0.0] AndroidManifest.xml:35:17-82
151            <meta-data
151-->[com.google.firebase:firebase-installations:19.0.1] AndroidManifest.xml:15:13-17:85
152                android:name="com.google.firebase.components:com.google.firebase.installations.FirebaseInstallationsKtxRegistrar"
152-->[com.google.firebase:firebase-installations:19.0.1] AndroidManifest.xml:16:17-130
153                android:value="com.google.firebase.components.ComponentRegistrar" />
153-->[com.google.firebase:firebase-installations:19.0.1] AndroidManifest.xml:17:17-82
154            <meta-data
154-->[com.google.firebase:firebase-installations:19.0.1] AndroidManifest.xml:18:13-20:85
155                android:name="com.google.firebase.components:com.google.firebase.installations.FirebaseInstallationsRegistrar"
155-->[com.google.firebase:firebase-installations:19.0.1] AndroidManifest.xml:19:17-127
156                android:value="com.google.firebase.components.ComponentRegistrar" />
156-->[com.google.firebase:firebase-installations:19.0.1] AndroidManifest.xml:20:17-82
157            <meta-data
157-->[com.google.firebase:firebase-common:22.0.1] AndroidManifest.xml:35:13-37:85
158                android:name="com.google.firebase.components:com.google.firebase.FirebaseCommonKtxRegistrar"
158-->[com.google.firebase:firebase-common:22.0.1] AndroidManifest.xml:36:17-109
159                android:value="com.google.firebase.components.ComponentRegistrar" />
159-->[com.google.firebase:firebase-common:22.0.1] AndroidManifest.xml:37:17-82
160            <meta-data
160-->[com.google.firebase:firebase-datatransport:18.2.0] AndroidManifest.xml:25:13-27:85
161                android:name="com.google.firebase.components:com.google.firebase.datatransport.TransportRegistrar"
161-->[com.google.firebase:firebase-datatransport:18.2.0] AndroidManifest.xml:26:17-115
162                android:value="com.google.firebase.components.ComponentRegistrar" />
162-->[com.google.firebase:firebase-datatransport:18.2.0] AndroidManifest.xml:27:17-82
163        </service>
164
165        <receiver
165-->[com.google.firebase:firebase-messaging:25.0.1] AndroidManifest.xml:29:9-40:20
166            android:name="com.google.firebase.iid.FirebaseInstanceIdReceiver"
166-->[com.google.firebase:firebase-messaging:25.0.1] AndroidManifest.xml:30:13-78
167            android:exported="true"
167-->[com.google.firebase:firebase-messaging:25.0.1] AndroidManifest.xml:31:13-36
168            android:permission="com.google.android.c2dm.permission.SEND" >
168-->[com.google.firebase:firebase-messaging:25.0.1] AndroidManifest.xml:32:13-73
169            <intent-filter>
169-->[com.google.firebase:firebase-messaging:25.0.1] AndroidManifest.xml:33:13-35:29
170                <action android:name="com.google.android.c2dm.intent.RECEIVE" />
170-->[com.google.firebase:firebase-messaging:25.0.1] AndroidManifest.xml:34:17-81
170-->[com.google.firebase:firebase-messaging:25.0.1] AndroidManifest.xml:34:25-78
171            </intent-filter>
172
173            <meta-data
173-->[com.google.firebase:firebase-messaging:25.0.1] AndroidManifest.xml:37:13-39:40
174                android:name="com.google.android.gms.cloudmessaging.FINISHED_AFTER_HANDLED"
174-->[com.google.firebase:firebase-messaging:25.0.1] AndroidManifest.xml:38:17-92
175                android:value="true" />
175-->[com.google.firebase:firebase-messaging:25.0.1] AndroidManifest.xml:39:17-37
176        </receiver>
177        <!--
178             FirebaseMessagingService performs security checks at runtime,
179             but set to not exported to explicitly avoid allowing another app to call it.
180        -->
181        <service
181-->[com.google.firebase:firebase-messaging:25.0.1] AndroidManifest.xml:46:9-53:19
182            android:name="com.google.firebase.messaging.FirebaseMessagingService"
182-->[com.google.firebase:firebase-messaging:25.0.1] AndroidManifest.xml:47:13-82
183            android:directBootAware="true"
183-->[com.google.firebase:firebase-messaging:25.0.1] AndroidManifest.xml:48:13-43
184            android:exported="false" >
184-->[com.google.firebase:firebase-messaging:25.0.1] AndroidManifest.xml:49:13-37
185            <intent-filter android:priority="-500" >
185-->src\main\AndroidManifest.xml:53:13-55:29
186                <action android:name="com.google.firebase.MESSAGING_EVENT" />
186-->src\main\AndroidManifest.xml:54:17-78
186-->src\main\AndroidManifest.xml:54:25-75
187            </intent-filter>
188        </service>
189        <service
189-->[androidx.credentials:credentials-play-services-auth:1.2.0-rc01] AndroidManifest.xml:24:9-32:19
190            android:name="androidx.credentials.playservices.CredentialProviderMetadataHolder"
190-->[androidx.credentials:credentials-play-services-auth:1.2.0-rc01] AndroidManifest.xml:25:13-94
191            android:enabled="true"
191-->[androidx.credentials:credentials-play-services-auth:1.2.0-rc01] AndroidManifest.xml:26:13-35
192            android:exported="false" >
192-->[androidx.credentials:credentials-play-services-auth:1.2.0-rc01] AndroidManifest.xml:27:13-37
193            <meta-data
193-->[androidx.credentials:credentials-play-services-auth:1.2.0-rc01] AndroidManifest.xml:29:13-31:104
194                android:name="androidx.credentials.CREDENTIAL_PROVIDER_KEY"
194-->[androidx.credentials:credentials-play-services-auth:1.2.0-rc01] AndroidManifest.xml:30:17-76
195                android:value="androidx.credentials.playservices.CredentialProviderPlayServicesImpl" />
195-->[androidx.credentials:credentials-play-services-auth:1.2.0-rc01] AndroidManifest.xml:31:17-101
196        </service>
197
198        <activity
198-->[androidx.credentials:credentials-play-services-auth:1.2.0-rc01] AndroidManifest.xml:34:9-41:20
199            android:name="androidx.credentials.playservices.HiddenActivity"
199-->[androidx.credentials:credentials-play-services-auth:1.2.0-rc01] AndroidManifest.xml:35:13-76
200            android:configChanges="orientation|screenSize|screenLayout|keyboardHidden"
200-->[androidx.credentials:credentials-play-services-auth:1.2.0-rc01] AndroidManifest.xml:36:13-87
201            android:enabled="true"
201-->[androidx.credentials:credentials-play-services-auth:1.2.0-rc01] AndroidManifest.xml:37:13-35
202            android:exported="false"
202-->[androidx.credentials:credentials-play-services-auth:1.2.0-rc01] AndroidManifest.xml:38:13-37
203            android:fitsSystemWindows="true"
203-->[androidx.credentials:credentials-play-services-auth:1.2.0-rc01] AndroidManifest.xml:39:13-45
204            android:theme="@style/Theme.Hidden" >
204-->[androidx.credentials:credentials-play-services-auth:1.2.0-rc01] AndroidManifest.xml:40:13-48
205        </activity>
206        <activity
206-->[com.google.android.gms:play-services-auth:20.7.0] AndroidManifest.xml:23:9-27:75
207            android:name="com.google.android.gms.auth.api.signin.internal.SignInHubActivity"
207-->[com.google.android.gms:play-services-auth:20.7.0] AndroidManifest.xml:24:13-93
208            android:excludeFromRecents="true"
208-->[com.google.android.gms:play-services-auth:20.7.0] AndroidManifest.xml:25:13-46
209            android:exported="false"
209-->[com.google.android.gms:play-services-auth:20.7.0] AndroidManifest.xml:26:13-37
210            android:theme="@android:style/Theme.Translucent.NoTitleBar" />
210-->[com.google.android.gms:play-services-auth:20.7.0] AndroidManifest.xml:27:13-72
211        <!--
212            Service handling Google Sign-In user revocation. For apps that do not integrate with
213            Google Sign-In, this service will never be started.
214        -->
215        <service
215-->[com.google.android.gms:play-services-auth:20.7.0] AndroidManifest.xml:33:9-37:51
216            android:name="com.google.android.gms.auth.api.signin.RevocationBoundService"
216-->[com.google.android.gms:play-services-auth:20.7.0] AndroidManifest.xml:34:13-89
217            android:exported="true"
217-->[com.google.android.gms:play-services-auth:20.7.0] AndroidManifest.xml:35:13-36
218            android:permission="com.google.android.gms.auth.api.signin.permission.REVOCATION_NOTIFICATION"
218-->[com.google.android.gms:play-services-auth:20.7.0] AndroidManifest.xml:36:13-107
219            android:visibleToInstantApps="true" />
219-->[com.google.android.gms:play-services-auth:20.7.0] AndroidManifest.xml:37:13-48
220
221        <provider
221-->[com.google.firebase:firebase-common:22.0.1] AndroidManifest.xml:23:9-28:39
222            android:name="com.google.firebase.provider.FirebaseInitProvider"
222-->[com.google.firebase:firebase-common:22.0.1] AndroidManifest.xml:24:13-77
223            android:authorities="com.example.mad_edumatch.firebaseinitprovider"
223-->[com.google.firebase:firebase-common:22.0.1] AndroidManifest.xml:25:13-72
224            android:directBootAware="true"
224-->[com.google.firebase:firebase-common:22.0.1] AndroidManifest.xml:26:13-43
225            android:exported="false"
225-->[com.google.firebase:firebase-common:22.0.1] AndroidManifest.xml:27:13-37
226            android:initOrder="100" />
226-->[com.google.firebase:firebase-common:22.0.1] AndroidManifest.xml:28:13-36
227        <provider
227-->[androidx.emoji2:emoji2:1.3.0] AndroidManifest.xml:24:9-32:20
228            android:name="androidx.startup.InitializationProvider"
228-->[androidx.emoji2:emoji2:1.3.0] AndroidManifest.xml:25:13-67
229            android:authorities="com.example.mad_edumatch.androidx-startup"
229-->[androidx.emoji2:emoji2:1.3.0] AndroidManifest.xml:26:13-68
230            android:exported="false" >
230-->[androidx.emoji2:emoji2:1.3.0] AndroidManifest.xml:27:13-37
231            <meta-data
231-->[androidx.emoji2:emoji2:1.3.0] AndroidManifest.xml:29:13-31:52
232                android:name="androidx.emoji2.text.EmojiCompatInitializer"
232-->[androidx.emoji2:emoji2:1.3.0] AndroidManifest.xml:30:17-75
233                android:value="androidx.startup" />
233-->[androidx.emoji2:emoji2:1.3.0] AndroidManifest.xml:31:17-49
234            <meta-data
234-->[androidx.lifecycle:lifecycle-process:2.6.2] AndroidManifest.xml:29:13-31:52
235                android:name="androidx.lifecycle.ProcessLifecycleInitializer"
235-->[androidx.lifecycle:lifecycle-process:2.6.2] AndroidManifest.xml:30:17-78
236                android:value="androidx.startup" />
236-->[androidx.lifecycle:lifecycle-process:2.6.2] AndroidManifest.xml:31:17-49
237            <meta-data
237-->[androidx.profileinstaller:profileinstaller:1.4.0] AndroidManifest.xml:29:13-31:52
238                android:name="androidx.profileinstaller.ProfileInstallerInitializer"
238-->[androidx.profileinstaller:profileinstaller:1.4.0] AndroidManifest.xml:30:17-85
239                android:value="androidx.startup" />
239-->[androidx.profileinstaller:profileinstaller:1.4.0] AndroidManifest.xml:31:17-49
240        </provider>
241
242        <receiver
242-->[com.google.android.gms:play-services-measurement:23.0.0] AndroidManifest.xml:29:9-33:20
243            android:name="com.google.android.gms.measurement.AppMeasurementReceiver"
243-->[com.google.android.gms:play-services-measurement:23.0.0] AndroidManifest.xml:30:13-85
244            android:enabled="true"
244-->[com.google.android.gms:play-services-measurement:23.0.0] AndroidManifest.xml:31:13-35
245            android:exported="false" >
245-->[com.google.android.gms:play-services-measurement:23.0.0] AndroidManifest.xml:32:13-37
246        </receiver>
247
248        <service
248-->[com.google.android.gms:play-services-measurement:23.0.0] AndroidManifest.xml:35:9-38:40
249            android:name="com.google.android.gms.measurement.AppMeasurementService"
249-->[com.google.android.gms:play-services-measurement:23.0.0] AndroidManifest.xml:36:13-84
250            android:enabled="true"
250-->[com.google.android.gms:play-services-measurement:23.0.0] AndroidManifest.xml:37:13-35
251            android:exported="false" />
251-->[com.google.android.gms:play-services-measurement:23.0.0] AndroidManifest.xml:38:13-37
252        <service
252-->[com.google.android.gms:play-services-measurement:23.0.0] AndroidManifest.xml:39:9-43:72
253            android:name="com.google.android.gms.measurement.AppMeasurementJobService"
253-->[com.google.android.gms:play-services-measurement:23.0.0] AndroidManifest.xml:40:13-87
254            android:enabled="true"
254-->[com.google.android.gms:play-services-measurement:23.0.0] AndroidManifest.xml:41:13-35